03-07 13:48:55 svg2mod 1301:Font "Roboto-Bold" does not natively support style "Regular" using "Path" instead
03-07 13:48:55 svg2mod-unfiltered 262:Found SVG layer: F.SilkS
03-07 13:48:55 svg2mod 263:  Detailed names: [F.SilkS]
03-07 13:48:55 svg2mod 304:  Inlining 1 segments...
03-07 13:48:55 svg2mod 339:  Writing Text with 19 points
03-07 13:48:58 svg2mod 1301:Font "Roboto-Bold" does not natively support style "Regular" using "Path" instead
03-07 13:48:58 svg2mod-unfiltered 262:Found SVG layer: F.SilkS
03-07 13:48:58 svg2mod 263:  Detailed names: [F.SilkS]
03-07 13:48:58 svg2mod 304:  Inlining 2 segments...
03-07 13:48:58 svg2mod 339:  Writing Text with 45 points
03-07 13:48:58 svg2mod 339:  Writing Text with 10 points
03-07 13:48:58 svg2mod 339:  Writing Text with 11 points
03-07 13:48:58 svg2mod 1301:Font "Roboto-Bold" does not natively support style "Regular" using "Path" instead
03-07 13:48:58 svg2mod-unfiltered 262:Found SVG layer: F.SilkS
03-07 13:48:58 svg2mod 263:  Detailed names: [F.SilkS]
03-07 13:48:58 svg2mod 304:  Inlining 4 segments...
03-07 13:48:58 svg2mod 339:  Writing Text with 133 points
03-07 13:48:58 svg2mod 339:  Writing Text with 10 points
03-07 13:48:58 svg2mod 339:  Writing Text with 11 points
03-07 13:48:59 svg2mod 1301:Font "Roboto-Bold" does not natively support style "Regular" using "Path" instead
03-07 13:48:59 svg2mod-unfiltered 262:Found SVG layer: F.SilkS
03-07 13:48:59 svg2mod 263:  Detailed names: [F.SilkS]
03-07 13:48:59 svg2mod 304:  Inlining 4 segments...
03-07 13:48:59 svg2mod 339:  Writing Text with 133 points
03-07 13:48:59 svg2mod 339:  Writing Text with 10 points
03-07 13:48:59 svg2mod 339:  Writing Text with 11 points
03-07 13:48:59 svg2mod 1301:Font "Roboto-Bold" does not natively support style "Regular" using "Path" instead
03-07 13:48:59 svg2mod-unfiltered 262:Found SVG layer: F.SilkS
03-07 13:48:59 svg2mod 263:  Detailed names: [F.SilkS]
03-07 13:48:59 svg2mod 304:  Inlining 4 segments...
03-07 13:48:59 svg2mod 339:  Writing Text with 133 points
03-07 13:48:59 svg2mod 339:  Writing Text with 10 points
03-07 13:48:59 svg2mod 339:  Writing Text with 11 points
03-07 13:49:00 svg2mod 1301:Font "Roboto-Bold" does not natively support style "Regular" using "Path" instead
03-07 13:49:00 svg2mod-unfiltered 262:Found SVG layer: F.SilkS
03-07 13:49:00 svg2mod 263:  Detailed names: [F.SilkS]
03-07 13:49:00 svg2mod 304:  Inlining 5 segments...
03-07 13:49:00 svg2mod 339:  Writing Text with 148 points
03-07 13:49:00 svg2mod 339:  Writing Text with 10 points
03-07 13:49:00 svg2mod 339:  Writing Text with 11 points
03-07 13:49:03 svg2mod-unfiltered 262:Found SVG layer: F.SilkS
03-07 13:49:03 svg2mod 263:  Detailed names: [F.SilkS]
03-07 13:49:03 svg2mod 304:  Inlining 5 segments...
03-07 13:49:03 svg2mod 339:  Writing Text with 148 points
03-07 13:49:03 svg2mod 339:  Writing Text with 10 points
03-07 13:49:03 svg2mod 339:  Writing Text with 11 points
03-07 13:49:14 svg2mod 1301:Font "Roboto-Bold" does not natively support style "Regular" using "Path" instead
03-07 13:49:14 svg2mod-unfiltered 262:Found SVG layer: F.SilkS
03-07 13:49:14 svg2mod 263:  Detailed names: [F.SilkS]
03-07 13:49:14 svg2mod 304:  Inlining 1 segments...
03-07 13:49:14 svg2mod 339:  Writing Text with 19 points
03-07 13:49:15 svg2mod 1301:Font "Roboto-Bold" does not natively support style "Regular" using "Path" instead
03-07 13:49:15 svg2mod-unfiltered 262:Found SVG layer: F.SilkS
03-07 13:49:15 svg2mod 263:  Detailed names: [F.SilkS]
03-07 13:49:15 svg2mod 304:  Inlining 2 segments...
03-07 13:49:15 svg2mod 339:  Writing Text with 45 points
03-07 13:49:15 svg2mod 339:  Writing Text with 10 points
03-07 13:49:15 svg2mod 339:  Writing Text with 11 points
03-07 13:49:16 svg2mod 1301:Font "Roboto-Bold" does not natively support style "Regular" using "Path" instead
03-07 13:49:16 svg2mod-unfiltered 262:Found SVG layer: F.SilkS
03-07 13:49:16 svg2mod 263:  Detailed names: [F.SilkS]
03-07 13:49:16 svg2mod 304:  Inlining 4 segments...
03-07 13:49:16 svg2mod 339:  Writing Text with 133 points
03-07 13:49:16 svg2mod 339:  Writing Text with 10 points
03-07 13:49:16 svg2mod 339:  Writing Text with 11 points
03-07 13:49:17 svg2mod 1301:Font "Roboto-Bold" does not natively support style "Regular" using "Path" instead
03-07 13:49:17 svg2mod-unfiltered 262:Found SVG layer: F.SilkS
03-07 13:49:17 svg2mod 263:  Detailed names: [F.SilkS]
03-07 13:49:17 svg2mod 304:  Inlining 6 segments...
03-07 13:49:17 svg2mod 339:  Writing Text with 145 points
03-07 13:49:17 svg2mod 339:  Writing Text with 10 points
03-07 13:49:17 svg2mod 339:  Writing Text with 11 points
03-07 13:49:18 svg2mod 1301:Font "Roboto-Bold" does not natively support style "Regular" using "Path" instead
03-07 13:49:18 svg2mod-unfiltered 262:Found SVG layer: F.SilkS
03-07 13:49:18 svg2mod 263:  Detailed names: [F.SilkS]
03-07 13:49:18 svg2mod 304:  Inlining 4 segments...
03-07 13:49:18 svg2mod 339:  Writing Text with 133 points
03-07 13:49:18 svg2mod 339:  Writing Text with 10 points
03-07 13:49:18 svg2mod 339:  Writing Text with 11 points
03-07 13:49:18 svg2mod 1301:Font "Roboto-Bold" does not natively support style "Regular" using "Path" instead
03-07 13:49:18 svg2mod-unfiltered 262:Found SVG layer: F.SilkS
03-07 13:49:18 svg2mod 263:  Detailed names: [F.SilkS]
03-07 13:49:18 svg2mod 304:  Inlining 5 segments...
03-07 13:49:18 svg2mod 339:  Writing Text with 139 points
03-07 13:49:18 svg2mod 339:  Writing Text with 10 points
03-07 13:49:18 svg2mod 339:  Writing Text with 11 points
03-07 13:49:20 svg2mod-unfiltered 262:Found SVG layer: F.SilkS
03-07 13:49:20 svg2mod 263:  Detailed names: [F.SilkS]
03-07 13:49:20 svg2mod 304:  Inlining 5 segments...
03-07 13:49:20 svg2mod 339:  Writing Text with 139 points
03-07 13:49:20 svg2mod 339:  Writing Text with 10 points
03-07 13:49:20 svg2mod 339:  Writing Text with 11 points
03-07 13:49:39 svg2mod 1301:Font "Roboto-Bold" does not natively support style "Regular" using "Path" instead
03-07 13:49:39 svg2mod-unfiltered 262:Found SVG layer: F.SilkS
03-07 13:49:39 svg2mod 263:  Detailed names: [F.SilkS]
03-07 13:49:39 svg2mod 304:  Inlining 1 segments...
03-07 13:49:39 svg2mod 339:  Writing Text with 50 points
03-07 13:49:39 svg2mod 339:  Writing Text with 23 points
03-07 13:49:39 svg2mod 1301:Font "Roboto-Bold" does not natively support style "Regular" using "Path" instead
03-07 13:49:39 svg2mod-unfiltered 262:Found SVG layer: F.SilkS
03-07 13:49:39 svg2mod 263:  Detailed names: [F.SilkS]
03-07 13:49:39 svg2mod 304:  Inlining 2 segments...
03-07 13:49:39 svg2mod 339:  Writing Text with 79 points
03-07 13:49:39 svg2mod 339:  Writing Text with 23 points
03-07 13:49:39 svg2mod 1301:Font "Roboto-Bold" does not natively support style "Regular" using "Path" instead
03-07 13:49:39 svg2mod-unfiltered 262:Found SVG layer: F.SilkS
03-07 13:49:39 svg2mod 263:  Detailed names: [F.SilkS]
03-07 13:49:39 svg2mod 304:  Inlining 3 segments...
03-07 13:49:39 svg2mod 339:  Writing Text with 90 points
03-07 13:49:39 svg2mod 339:  Writing Text with 23 points
03-07 13:49:40 svg2mod 1301:Font "Roboto-Bold" does not natively support style "Regular" using "Path" instead
03-07 13:49:40 svg2mod-unfiltered 262:Found SVG layer: F.SilkS
03-07 13:49:40 svg2mod 263:  Detailed names: [F.SilkS]
03-07 13:49:40 svg2mod 304:  Inlining 4 segments...
03-07 13:49:40 svg2mod 339:  Writing Text with 110 points
03-07 13:49:40 svg2mod 339:  Writing Text with 23 points
03-07 13:49:40 svg2mod 339:  Writing Text with 12 points
03-07 13:49:41 svg2mod 1301:Font "Roboto-Bold" does not natively support style "Regular" using "Path" instead
03-07 13:49:41 svg2mod-unfiltered 262:Found SVG layer: F.SilkS
03-07 13:49:41 svg2mod 263:  Detailed names: [F.SilkS]
03-07 13:49:41 svg2mod 304:  Inlining 5 segments...
03-07 13:49:41 svg2mod 339:  Writing Text with 139 points
03-07 13:49:41 svg2mod 339:  Writing Text with 23 points
03-07 13:49:41 svg2mod 339:  Writing Text with 12 points
03-07 13:49:41 svg2mod 1301:Font "Roboto-Bold" does not natively support style "Regular" using "Path" instead
03-07 13:49:41 svg2mod-unfiltered 262:Found SVG layer: F.SilkS
03-07 13:49:41 svg2mod 263:  Detailed names: [F.SilkS]
03-07 13:49:41 svg2mod 304:  Inlining 6 segments...
03-07 13:49:41 svg2mod 339:  Writing Text with 150 points
03-07 13:49:41 svg2mod 339:  Writing Text with 23 points
03-07 13:49:41 svg2mod 339:  Writing Text with 12 points
03-07 13:49:43 svg2mod-unfiltered 262:Found SVG layer: F.SilkS
03-07 13:49:43 svg2mod 263:  Detailed names: [F.SilkS]
03-07 13:49:43 svg2mod 304:  Inlining 6 segments...
03-07 13:49:43 svg2mod 339:  Writing Text with 150 points
03-07 13:49:43 svg2mod 339:  Writing Text with 23 points
03-07 13:49:43 svg2mod 339:  Writing Text with 12 points
